Start testing: Apr 22 11:21 ?D1迆㊣那℅?那㊣??
----------------------------------------------------------
1/1 Testing: Run_testSource
1/1 Test: Run_testSource
Command: "F:/interpreter/build/Debug/Clox.exe" "F:/interpreter/test/test.clox"
Directory: F:/interpreter/build
"Run_testSource" start time: Apr 22 11:21 ?D1迆㊣那℅?那㊣??
Output:
----------------------------------------------------------
== code ==
0000    1 OP_CONSTANT         0 xxxx
0002    | OP_CONSTANT         1 xxxx
0004    | OP_EQUAL
0005    | OP_RETURN
== start Run ==
          
0000    1 OP_CONSTANT         0 xxxx
          [ xxxx ]
0002    | OP_CONSTANT         1 xxxx
          [ xxxx ][ xxxx ]
0004    | OP_EQUAL
          [ true ]
0005    | OP_RETURN
true
<end of output>
Test time =   0.01 sec
----------------------------------------------------------
Test Passed.
"Run_testSource" end time: Apr 22 11:21 ?D1迆㊣那℅?那㊣??
"Run_testSource" time elapsed: 00:00:00
----------------------------------------------------------

End testing: Apr 22 11:21 ?D1迆㊣那℅?那㊣??
