Start testing: Apr 04 18:51 ?D1迆㊣那℅?那㊣??
----------------------------------------------------------
1/1 Testing: Run_testSource
1/1 Test: Run_testSource
Command: "C:/Users/11577/Desktop/interpreter/build/Clox.exe" "C:/Users/11577/Desktop/interpreter/test/test.clox"
Directory: C:/Users/11577/Desktop/interpreter/build
"Run_testSource" start time: Apr 04 18:51 ?D1迆㊣那℅?那㊣??
Output:
----------------------------------------------------------
   1 36 'var'
   | 19 'drink'
   | 13 '='
   | 20 '"Tea"'
   |  8 ';'
   2 36 'var'
   | 19 'steep'
   | 13 '='
   | 21 '4'
   |  8 ';'
   3 36 'var'
   | 19 'cool'
   | 13 '='
   | 21 '2'
   |  8 ';'
   4 31 'print'
   | 20 '"${drink} will be ready in ${steep + cool} minutes."'
   |  8 ';'
   | 39 ''
<end of output>
Test time =   0.00 sec
----------------------------------------------------------
Test Passed.
"Run_testSource" end time: Apr 04 18:51 ?D1迆㊣那℅?那㊣??
"Run_testSource" time elapsed: 00:00:00
----------------------------------------------------------

End testing: Apr 04 18:51 ?D1迆㊣那℅?那㊣??
