<?xml version="1.0" encoding="UTF-8"?>
<Site BuildName="(empty)"
	BuildStamp="20220422-0321-Experimental"
	Name="(empty)"
	Generator="ctest-3.23.1"
	CompilerName=""
	CompilerVersion=""
	OSName="Windows"
	Hostname="bailei2"
	OSRelease=" Professional"
	OSVersion=" (Build 19042)"
	OSPlatform="AMD64"
	Is64Bits="1"
	VendorString="GenuineIntel"
	VendorID="Intel Corporation"
	FamilyID="6"
	ModelID="14"
	ProcessorCacheSize="-1"
	NumberOfLogicalCPU="8"
	NumberOfPhysicalCPU="4"
	TotalVirtualMemory="39382"
	TotalPhysicalMemory="32726"
	LogicalProcessorsPerPhysical="2"
	ProcessorClockFrequency="4200"
	>
	<Testing>
		<StartDateTime>Apr 22 11:21 ?D1[NON-UTF-8-BYTE-0xA8][NON-UTF-8-BYTE-0xB2][NON-UTF-8-BYTE-0xA1][NON-UTF-8-BYTE-0xC0][NON-UTF-8-BYTE-0xA8][NON-UTF-8-BYTE-0xBA][NON-UTF-8-BYTE-0xA1][NON-UTF-8-BYTE-0xC1]?[NON-UTF-8-BYTE-0xA8][NON-UTF-8-BYTE-0xBA][NON-UTF-8-BYTE-0xA1][NON-UTF-8-BYTE-0xC0]??</StartDateTime>
		<StartTestTime>1650597685</StartTestTime>
		<TestList>
			<Test>./Run_testSource</Test>
		</TestList>
		<Test Status="passed">
			<Name>Run_testSource</Name>
			<Path>.</Path>
			<FullName>./Run_testSource</FullName>
			<FullCommandLine>F:\interpreter\build\Debug\Clox.exe "F:/interpreter/test/test.clox"</FullCommandLine>
			<Results>
				<NamedMeasurement type="numeric/double" name="Execution Time">
					<Value>0.0081839</Value>
				</NamedMeasurement>
				<NamedMeasurement type="numeric/double" name="Processors">
					<Value>1</Value>
				</NamedMeasurement>
				<NamedMeasurement type="text/string" name="Completion Status">
					<Value>Completed</Value>
				</NamedMeasurement>
				<NamedMeasurement type="text/string" name="Command Line">
					<Value>F:\interpreter\build\Debug\Clox.exe "F:/interpreter/test/test.clox"</Value>
				</NamedMeasurement>
				<NamedMeasurement type="text/string" name="Environment">
					<Value>#CTEST_RESOURCE_GROUP_COUNT=</Value>
				</NamedMeasurement>
				<Measurement>
					<Value encoding="base64" compression="gzip">eJyztVVIzk9JVbC15TIAAgUgMFTwD4h39vcLDnH0C1GAAQOFCiAAKTICcWuwKjKEKzKBK3INDHX0AQmZwoWCXENCg/y4bG0ViksSi0oUgkrzQA6AG6NAnFsQ6qPBAgqxxDkPUx+yfnSXI6suKSpNhajC8AxIigsAaYFOBw==</Value>
				</Measurement>
			</Results>
		</Test>
		<EndDateTime>Apr 22 11:21 ?D1[NON-UTF-8-BYTE-0xA8][NON-UTF-8-BYTE-0xB2][NON-UTF-8-BYTE-0xA1][NON-UTF-8-BYTE-0xC0][NON-UTF-8-BYTE-0xA8][NON-UTF-8-BYTE-0xBA][NON-UTF-8-BYTE-0xA1][NON-UTF-8-BYTE-0xC1]?[NON-UTF-8-BYTE-0xA8][NON-UTF-8-BYTE-0xBA][NON-UTF-8-BYTE-0xA1][NON-UTF-8-BYTE-0xC0]??</EndDateTime>
		<EndTestTime>1650597685</EndTestTime>
		<ElapsedMinutes>0</ElapsedMinutes>
	</Testing>
</Site>
